This file contains any messages produced by compilers while
running configure, to aid debugging if configure makes a mistake.

It was created by Vulkan configure 1.0, which was
generated by GNU Autoconf 2.69.  Invocation command line was

  $ ./configure 

## --------- ##
## Platform. ##
## --------- ##

hostname = legion-y720.local
uname -m = x86_64
uname -r = 4.11.10-300.fc26.x86_64
uname -s = Linux
uname -v = #1 SMP Wed Jul 12 17:05:39 UTC 2017

/usr/bin/uname -p = x86_64
/bin/uname -X     = unknown

/bin/arch              = x86_64
/usr/bin/arch -k       = unknown
/usr/convex/getsysinfo = unknown
/usr/bin/hostinfo      = unknown
/bin/machine           = unknown
/usr/bin/oslevel       = unknown
/bin/universe          = unknown

PATH: /usr/local/bin
PATH: /usr/bin
PATH: /bin
PATH: /usr/local/sbin
PATH: /usr/sbin
PATH: /home/mathias9807/.local/bin
PATH: /home/mathias9807/bin


## ----------- ##
## Core tests. ##
## ----------- ##

configure:1831: checking for a BSD-compatible install
configure:1899: result: /usr/bin/install -c
configure:1910: checking whether build environment is sane
configure:1965: result: yes
configure:2116: checking for a thread-safe mkdir -p
configure:2155: result: /usr/bin/mkdir -p
configure:2162: checking for gawk
configure:2178: found /usr/bin/gawk
configure:2189: result: gawk
configure:2200: checking whether make sets $(MAKE)
configure:2222: result: yes
configure:2251: checking whether make supports nested variables
configure:2268: result: yes
configure:2444: checking for gcc
configure:2460: found /usr/bin/gcc
configure:2471: result: gcc
configure:2700: checking for C compiler version
configure:2709: gcc --version >&5
gcc (GCC) 7.1.1 20170622 (Red Hat 7.1.1-3)
Copyright (C) 2017 Free Software Foundation, Inc.
This is free software; see the source for copying conditions.  There is NO
warranty; not even for MERCHANTABILITY or FITNESS FOR A PARTICULAR PURPOSE.

configure:2720: $? = 0
configure:2709: gcc -v >&5
Using built-in specs.
COLLECT_GCC=gcc
COLLECT_LTO_WRAPPER=/usr/libexec/gcc/x86_64-redhat-linux/7/lto-wrapper
OFFLOAD_TARGET_NAMES=nvptx-none
OFFLOAD_TARGET_DEFAULT=1
Target: x86_64-redhat-linux
Configured with: ../configure --enable-bootstrap --enable-languages=c,c++,objc,obj-c++,fortran,ada,go,lto --prefix=/usr --mandir=/usr/share/man --infodir=/usr/share/info --with-bugurl=http://bugzilla.redhat.com/bugzilla --enable-shared --enable-threads=posix --enable-checking=release --enable-multilib --with-system-zlib --enable-__cxa_atexit --disable-libunwind-exceptions --enable-gnu-unique-object --enable-linker-build-id --with-gcc-major-version-only --with-linker-hash-style=gnu --enable-plugin --enable-initfini-array --with-isl --enable-libmpx --enable-offload-targets=nvptx-none --without-cuda-driver --enable-gnu-indirect-function --with-tune=generic --with-arch_32=i686 --build=x86_64-redhat-linux
Thread model: posix
gcc version 7.1.1 20170622 (Red Hat 7.1.1-3) (GCC) 
configure:2720: $? = 0
configure:2709: gcc -V >&5
gcc: error: unrecognized command line option '-V'
gcc: fatal error: no input files
compilation terminated.
configure:2720: $? = 1
configure:2709: gcc -qversion >&5
gcc: error: unrecognized command line option '-qversion'; did you mean '--version'?
gcc: fatal error: no input files
compilation terminated.
configure:2720: $? = 1
configure:2740: checking whether the C compiler works
configure:2762: gcc    conftest.c  >&5
configure:2766: $? = 0
configure:2814: result: yes
configure:2817: checking for C compiler default output file name
configure:2819: result: a.out
configure:2825: checking for suffix of executables
configure:2832: gcc -o conftest    conftest.c  >&5
configure:2836: $? = 0
configure:2858: result: 
configure:2880: checking whether we are cross compiling
configure:2888: gcc -o conftest    conftest.c  >&5
configure:2892: $? = 0
configure:2899: ./conftest
configure:2903: $? = 0
configure:2918: result: no
configure:2923: checking for suffix of object files
configure:2945: gcc -c   conftest.c >&5
configure:2949: $? = 0
configure:2970: result: o
configure:2974: checking whether we are using the GNU C compiler
configure:2993: gcc -c   conftest.c >&5
configure:2993: $? = 0
configure:3002: result: yes
configure:3011: checking whether gcc accepts -g
configure:3031: gcc -c -g  conftest.c >&5
configure:3031: $? = 0
configure:3072: result: yes
configure:3089: checking for gcc option to accept ISO C89
configure:3152: gcc  -c -g -O2  conftest.c >&5
configure:3152: $? = 0
configure:3165: result: none needed
configure:3190: checking whether gcc understands -c and -o together
configure:3212: gcc -c conftest.c -o conftest2.o
configure:3215: $? = 0
configure:3212: gcc -c conftest.c -o conftest2.o
configure:3215: $? = 0
configure:3227: result: yes
configure:3255: checking for style of include used by make
configure:3283: result: GNU
configure:3309: checking dependency style of gcc
configure:3420: result: gcc3
configure:3591: checking that generated files are newer than configure
configure:3597: result: done
configure:3620: creating ./config.status

## ---------------------- ##
## Running config.status. ##
## ---------------------- ##

This file was extended by Vulkan config.status 1.0, which was
generated by GNU Autoconf 2.69.  Invocation command line was

  CONFIG_FILES    = 
  CONFIG_HEADERS  = 
  CONFIG_LINKS    = 
  CONFIG_COMMANDS = 
  $ ./config.status 

on legion-y720.local

config.status:772: creating Makefile
config.status:944: executing depfiles commands

## ---------------- ##
## Cache variables. ##
## ---------------- ##

ac_cv_c_compiler_gnu=yes
ac_cv_env_CC_set=
ac_cv_env_CC_value=
ac_cv_env_CFLAGS_set=
ac_cv_env_CFLAGS_value=
ac_cv_env_CPPFLAGS_set=
ac_cv_env_CPPFLAGS_value=
ac_cv_env_LDFLAGS_set=
ac_cv_env_LDFLAGS_value=
ac_cv_env_LIBS_set=
ac_cv_env_LIBS_value=
ac_cv_env_build_alias_set=
ac_cv_env_build_alias_value=
ac_cv_env_host_alias_set=
ac_cv_env_host_alias_value=
ac_cv_env_target_alias_set=
ac_cv_env_target_alias_value=
ac_cv_objext=o
ac_cv_path_install='/usr/bin/install -c'
ac_cv_path_mkdir=/usr/bin/mkdir
ac_cv_prog_AWK=gawk
ac_cv_prog_ac_ct_CC=gcc
ac_cv_prog_cc_c89=
ac_cv_prog_cc_g=yes
ac_cv_prog_make_make_set=yes
am_cv_CC_dependencies_compiler_type=gcc3
am_cv_make_support_nested_variables=yes
am_cv_prog_cc_c_o=yes

## ----------------- ##
## Output variables. ##
## ----------------- ##

ACLOCAL='${SHELL} /home/mathias9807/Programming/Vulkan-Demo/window/missing aclocal-1.15'
AMDEPBACKSLASH='\'
AMDEP_FALSE='#'
AMDEP_TRUE=''
AMTAR='$${TAR-tar}'
AM_BACKSLASH='\'
AM_DEFAULT_V='$(AM_DEFAULT_VERBOSITY)'
AM_DEFAULT_VERBOSITY='1'
AM_V='$(V)'
AUTOCONF='${SHELL} /home/mathias9807/Programming/Vulkan-Demo/window/missing autoconf'
AUTOHEADER='${SHELL} /home/mathias9807/Programming/Vulkan-Demo/window/missing autoheader'
AUTOMAKE='${SHELL} /home/mathias9807/Programming/Vulkan-Demo/window/missing automake-1.15'
AWK='gawk'
CC='gcc'
CCDEPMODE='depmode=gcc3'
CFLAGS='-g -O2'
CPPFLAGS=''
CYGPATH_W='echo'
DEFS='-DPACKAGE_NAME=\"Vulkan\" -DPACKAGE_TARNAME=\"vulkan\" -DPACKAGE_VERSION=\"1.0\" -DPACKAGE_STRING=\"Vulkan\ 1.0\" -DPACKAGE_BUGREPORT=\"mathias9807@gmail.com\" -DPACKAGE_URL=\"\" -DPACKAGE=\"vulkan\" -DVERSION=\"1.0\"'
DEPDIR='.deps'
ECHO_C=''
ECHO_N='-n'
ECHO_T=''
EXEEXT=''
INSTALL_DATA='${INSTALL} -m 644'
INSTALL_PROGRAM='${INSTALL}'
INSTALL_SCRIPT='${INSTALL}'
INSTALL_STRIP_PROGRAM='$(install_sh) -c -s'
LDFLAGS=''
LIBOBJS=''
LIBS=''
LTLIBOBJS=''
MAKEINFO='${SHELL} /home/mathias9807/Programming/Vulkan-Demo/window/missing makeinfo'
MKDIR_P='/usr/bin/mkdir -p'
OBJEXT='o'
PACKAGE='vulkan'
PACKAGE_BUGREPORT='mathias9807@gmail.com'
PACKAGE_NAME='Vulkan'
PACKAGE_STRING='Vulkan 1.0'
PACKAGE_TARNAME='vulkan'
PACKAGE_URL=''
PACKAGE_VERSION='1.0'
PATH_SEPARATOR=':'
SET_MAKE=''
SHELL='/bin/sh'
STRIP=''
VERSION='1.0'
ac_ct_CC='gcc'
am__EXEEXT_FALSE=''
am__EXEEXT_TRUE='#'
am__fastdepCC_FALSE='#'
am__fastdepCC_TRUE=''
am__include='include'
am__isrc=''
am__leading_dot='.'
am__nodep='_no'
am__quote=''
am__tar='$${TAR-tar} chof - "$$tardir"'
am__untar='$${TAR-tar} xf -'
bindir='${exec_prefix}/bin'
build_alias=''
datadir='${datarootdir}'
datarootdir='${prefix}/share'
docdir='${datarootdir}/doc/${PACKAGE_TARNAME}'
dvidir='${docdir}'
exec_prefix='${prefix}'
host_alias=''
htmldir='${docdir}'
includedir='${prefix}/include'
infodir='${datarootdir}/info'
install_sh='${SHELL} /home/mathias9807/Programming/Vulkan-Demo/window/install-sh'
libdir='${exec_prefix}/lib'
libexecdir='${exec_prefix}/libexec'
localedir='${datarootdir}/locale'
localstatedir='${prefix}/var'
mandir='${datarootdir}/man'
mkdir_p='$(MKDIR_P)'
oldincludedir='/usr/include'
pdfdir='${docdir}'
prefix='/usr/local'
program_transform_name='s,x,x,'
psdir='${docdir}'
sbindir='${exec_prefix}/sbin'
sharedstatedir='${prefix}/com'
sysconfdir='${prefix}/etc'
target_alias=''

## ----------- ##
## confdefs.h. ##
## ----------- ##

/* confdefs.h */
#define PACKAGE_NAME "Vulkan"
#define PACKAGE_TARNAME "vulkan"
#define PACKAGE_VERSION "1.0"
#define PACKAGE_STRING "Vulkan 1.0"
#define PACKAGE_BUGREPORT "mathias9807@gmail.com"
#define PACKAGE_URL ""
#define PACKAGE "vulkan"
#define VERSION "1.0"

configure: exit 0
